Documents/Documents/washingmaching/BlueWashingMaching/app/build/outputs/logs/manifest-merger-debug-report.txt
-- Merging decision tree log ---
manifest
ADDED from src/main/AndroidManifest.xml:2:1-165:12
INJECTED from src/main/AndroidManifest.xml:2:1-165:12
INJECTED from src/main/AndroidManifest.xml:2:1-165:12
INJECTED from src/main/AndroidManifest.xml:2:1-165:12
MERGED from [com.jakewharton:butterknife:8.6.0] AndroidManifest.xml:2:1-7:12
MERGED from [com.android.support:design:23.2.1] AndroidManifest.xml:17:1-24:12
MERGED from [com.borax12.materialdaterangepicker:library:1.9] AndroidManifest.xml:17:1-30:12
MERGED from [com.android.support:recyclerview-v7:23.2.1] AndroidManifest.xml:17:1-22:12
MERGED from [com.github.shinelw:library:1.0.1] AndroidManifest.xml:2:1-17:12
MERGED from [com.xenione.libs:tab-digit:1.0.2] AndroidManifest.xml:2:1-17:12
MERGED from [com.github.liuguangli:VerificationCodeInput:1.3] AndroidManifest.xml:2:1-17:12
MERGED from [com.wajahatkarim3.EasyFlipView:EasyFlipView:1.0.0] AndroidManifest.xml:2:1-17:12
MERGED from [com.github.kongqw:AndroidRocker:1.0.1] AndroidManifest.xml:2:1-17:12
MERGED from [com.android.support:appcompat-v7:25.0.1] AndroidManifest.xml:17:1-27:12
MERGED from [com.android.support:support-v4:26.0.0-alpha1] AndroidManifest.xml:17:1-31:12
MERGED from [com.android.support:cardview-v7:23.2.1] AndroidManifest.xml:17:1-24:12
MERGED from [com.getbase:floatingactionbutton:1.10.1] AndroidManifest.xml:2:1-14:12
MERGED from [com.skyfishjy.ripplebackground:library:1.0.1] AndroidManifest.xml:2:1-13:12
MERGED from [com.facebook.shimmer:shimmer:0.1.0] AndroidManifest.xml:2:1-11:12
MERGED from [com.github.d-max:spots-dialog:0.7] AndroidManifest.xml:2:1-14:12
MERGED from [com.github.mrengineer13:snackbar:1.2.0] AndroidManifest.xml:2:1-14:12
MERGED from [com.github.lecho:hellocharts-android:v1.5.8] AndroidManifest.xml:2:1-11:12
MERGED from [com.android.support.constraint:constraint-layout:1.0.2] AndroidManifest.xml:2:1-11:12
MERGED from [cn.sharesdk:ShareSDK:3.4.1] AndroidManifest.xml:2:1-11:12
MERGED from [cn.sharesdk:OneKeyShare:3.4.1] AndroidManifest.xml:2:1-11:12
MERGED from [com.android.support:support-media-compat:26.0.0-alpha1] AndroidManifest.xml:17:1-31:12
MERGED from [com.android.support:support-fragment:26.0.0-alpha1] AndroidManifest.xml:17:1-31:12
MERGED from [com.android.support:support-core-utils:26.0.0-alpha1] AndroidManifest.xml:17:1-31:12
MERGED from [com.android.support:support-core-ui:26.0.0-alpha1] AndroidManifest.xml:17:1-31:12
MERGED from [com.android.support:animated-vector-drawable:25.0.1] AndroidManifest.xml:17:1-24:12
MERGED from [com.android.support:support-vector-drawable:25.0.1] AndroidManifest.xml:17:1-25:12
MERGED from [com.android.support:support-compat:26.0.0-alpha1] AndroidManifest.xml:17:1-31:12
INJECTED from src/main/AndroidManifest.xml:2:1-165:12
INJECTED from src/main/AndroidManifest.xml:2:1-165:12
INJECTED from src/main/AndroidManifest.xml:2:1-165:12
	package
		ADDED from src/main/AndroidManifest.xml:4:5-37
		INJECTED from src/main/AndroidManifest.xml
		INJECTED from src/main/AndroidManifest.xml
	android:versionName
		ADDED from src/main/AndroidManifest.xml:6:5-30
		INJECTED from src/main/AndroidManifest.xml
		INJECTED from src/main/AndroidManifest.xml
	xmlns:tools
		ADDED from src/main/AndroidManifest.xml:3:5-51
	xmlns:android
		ADDED from src/main/AndroidManifest.xml:2:11-69
	android:versionCode
		ADDED from src/main/AndroidManifest.xml:5:5-28
		INJECTED from src/main/AndroidManifest.xml
		INJECTED from src/main/AndroidManifest.xml
uses-sdk
ADDED from src/main/AndroidManifest.xml:8:5-47
INJECTED from src/main/AndroidManifest.xml:8:5-47
INJECTED from src/main/AndroidManifest.xml:8:5-47
MERGED from [com.jakewharton:butterknife:8.6.0] AndroidManifest.xml:5:5-43
MERGED from [com.jakewharton:butterknife:8.6.0] AndroidManifest.xml:5:5-43
MERGED from [com.android.support:design:23.2.1] AndroidManifest.xml:20:5-43
MERGED from [com.android.support:design:23.2.1] AndroidManifest.xml:20:5-43
MERGED from [com.borax12.materialdaterangepicker:library:1.9] AndroidManifest.xml:22:5-24:41
MERGED from [com.borax12.materialdaterangepicker:library:1.9] AndroidManifest.xml:22:5-24:41
MERGED from [com.android.support:recyclerview-v7:23.2.1] AndroidManifest.xml:20:5-43
MERGED from [com.android.support:recyclerview-v7:23.2.1] AndroidManifest.xml:20:5-43
MERGED from [com.github.shinelw:library:1.0.1] AndroidManifest.xml:7:5-9:41
MERGED from [com.github.shinelw:library:1.0.1] AndroidManifest.xml:7:5-9:41
MERGED from [com.xenione.libs:tab-digit:1.0.2] AndroidManifest.xml:7:5-9:41
MERGED from [com.xenione.libs:tab-digit:1.0.2] AndroidManifest.xml:7:5-9:41
MERGED from [com.github.liuguangli:VerificationCodeInput:1.3] AndroidManifest.xml:7:5-9:41
MERGED from [com.github.liuguangli:VerificationCodeInput:1.3] AndroidManifest.xml:7:5-9:41
MERGED from [com.wajahatkarim3.EasyFlipView:EasyFlipView:1.0.0] AndroidManifest.xml:7:5-9:41
MERGED from [com.wajahatkarim3.EasyFlipView:EasyFlipView:1.0.0] AndroidManifest.xml:7:5-9:41
MERGED from [com.github.kongqw:AndroidRocker:1.0.1] AndroidManifest.xml:7:5-9:41
MERGED from [com.github.kongqw:AndroidRocker:1.0.1] AndroidManifest.xml:7:5-9:41
MERGED from [com.android.support:appcompat-v7:25.0.1] AndroidManifest.xml:21:5-23:78
MERGED from [com.android.support:appcompat-v7:25.0.1] AndroidManifest.xml:21:5-23:78
MERGED from [com.android.support:support-v4:26.0.0-alpha1] AndroidManifest.xml:21:5-23:54
MERGED from [com.android.support:support-v4:26.0.0-alpha1] AndroidManifest.xml:21:5-23:54
MERGED from [com.android.support:cardview-v7:23.2.1] AndroidManifest.xml:20:5-43
MERGED from [com.android.support:cardview-v7:23.2.1] AndroidManifest.xml:20:5-43
MERGED from [com.getbase:floatingactionbutton:1.10.1] AndroidManifest.xml:8:5-10:41
MERGED from [com.getbase:floatingactionbutton:1.10.1] AndroidManifest.xml:8:5-10:41
MERGED from [com.skyfishjy.ripplebackground:library:1.0.1] AndroidManifest.xml:7:5-9:41
MERGED from [com.skyfishjy.ripplebackground:library:1.0.1] AndroidManifest.xml:7:5-9:41
MERGED from [com.facebook.shimmer:shimmer:0.1.0] AndroidManifest.xml:7:5-9:41
MERGED from [com.facebook.shimmer:shimmer:0.1.0] AndroidManifest.xml:7:5-9:41
MERGED from [com.github.d-max:spots-dialog:0.7] AndroidManifest.xml:8:5-10:41
MERGED from [com.github.d-max:spots-dialog:0.7] AndroidManifest.xml:8:5-10:41
MERGED from [com.github.mrengineer13:snackbar:1.2.0] AndroidManifest.xml:8:5-10:41
MERGED from [com.github.mrengineer13:snackbar:1.2.0] AndroidManifest.xml:8:5-10:41
MERGED from [com.github.lecho:hellocharts-android:v1.5.8] AndroidManifest.xml:7:5-9:41
MERGED from [com.github.lecho:hellocharts-android:v1.5.8] AndroidManifest.xml:7:5-9:41
MERGED from [com.android.support.constraint:constraint-layout:1.0.2] AndroidManifest.xml:5:5-7:41
MERGED from [com.android.support.constraint:constraint-layout:1.0.2] AndroidManifest.xml:5:5-7:41
MERGED from [cn.sharesdk:ShareSDK:3.4.1] AndroidManifest.xml:7:5-9:41
MERGED from [cn.sharesdk:ShareSDK:3.4.1] AndroidManifest.xml:7:5-9:41
MERGED from [cn.sharesdk:OneKeyShare:3.4.1] AndroidManifest.xml:7:5-9:41
MERGED from [cn.sharesdk:OneKeyShare:3.4.1] AndroidManifest.xml:7:5-9:41
MERGED from [com.android.support:support-media-compat:26.0.0-alpha1] AndroidManifest.xml:21:5-23:63
MERGED from [com.android.support:support-media-compat:26.0.0-alpha1] AndroidManifest.xml:21:5-23:63
MERGED from [com.android.support:support-fragment:26.0.0-alpha1] AndroidManifest.xml:21:5-23:60
MERGED from [com.android.support:support-fragment:26.0.0-alpha1] AndroidManifest.xml:21:5-23:60
MERGED from [com.android.support:support-core-utils:26.0.0-alpha1] AndroidManifest.xml:21:5-23:61
MERGED from [com.android.support:support-core-utils:26.0.0-alpha1] AndroidManifest.xml:21:5-23:61
MERGED from [com.android.support:support-core-ui:26.0.0-alpha1] AndroidManifest.xml:21:5-23:58
MERGED from [com.android.support:support-core-ui:26.0.0-alpha1] AndroidManifest.xml:21:5-23:58
MERGED from [com.android.support:animated-vector-drawable:25.0.1] AndroidManifest.xml:20:5-44
MERGED from [com.android.support:animated-vector-drawable:25.0.1] AndroidManifest.xml:20:5-44
MERGED from [com.android.support:support-vector-drawable:25.0.1] AndroidManifest.xml:21:5-43
MERGED from [com.android.support:support-vector-drawable:25.0.1] AndroidManifest.xml:21:5-43
MERGED from [com.android.support:support-compat:26.0.0-alpha1] AndroidManifest.xml:21:5-23:58
MERGED from [com.android.support:support-compat:26.0.0-alpha1] AndroidManifest.xml:21:5-23:58
INJECTED from src/main/AndroidManifest.xml:8:5-47
INJECTED from src/main/AndroidManifest.xml:8:5-47
	tools:overrideLibrary
		ADDED from [com.android.support:appcompat-v7:25.0.1] AndroidManifest.xml:23:9-75
	android:targetSdkVersion
		ADDED from src/main/AndroidManifest.xml:8:15-44
		INJECTED from src/main/AndroidManifest.xml
		INJECTED from src/main/AndroidManifest.xml
	android:minSdkVersion
		INJECTED from src/main/AndroidManifest.xml
		ADDED from src/main/AndroidManifest.xml:8:5-47
		INJECTED from src/main/AndroidManifest.xml
uses-permission#android.permission.BLUETOOTH
ADDED from src/main/AndroidManifest.xml:10:5-68
	android:name
		ADDED from src/main/AndroidManifest.xml:10:22-65
uses-permission#android.permission.BLUETOOTH_ADMIN
ADDED from src/main/AndroidManifest.xml:11:5-74
	android:name
		ADDED from src/main/AndroidManifest.xml:11:22-71
uses-permission#android.permission.ACCESS_FINE_LOCATION
ADDED from src/main/AndroidManifest.xml:12:5-79
	android:name
		ADDED from src/main/AndroidManifest.xml:12:22-76
uses-permission#android.permission.ACCESS_COARSE_LOCATION
ADDED from src/main/AndroidManifest.xml:13:5-81
	android:name
		ADDED from src/main/AndroidManifest.xml:13:22-78
uses-feature#android.hardware.bluetooth_le
ADDED from src/main/AndroidManifest.xml:15:5-17:35
	android:required
		ADDED from src/main/AndroidManifest.xml:17:9-32
	android:name
		ADDED from src/main/AndroidManifest.xml:16:9-53
uses-permission#android.permission.INTERNET
ADDED from src/main/AndroidManifest.xml:19:5-67
	android:name
		ADDED from src/main/AndroidManifest.xml:19:22-64
uses-permission#android.permission.WRITE_EXTERNAL_STORAGE
ADDED from src/main/AndroidManifest.xml:20:5-81
	android:name
		ADDED from src/main/AndroidManifest.xml:20:22-78
uses-permission#android.permission.READ_PHONE_STATE
ADDED from src/main/AndroidManifest.xml:21:5-75
	android:name
		ADDED from src/main/AndroidManifest.xml:21:22-72
uses-permission#android.permission.READ_EXTERNAL_STORAGE
ADDED from src/main/AndroidManifest.xml:22:5-80
	android:name
		ADDED from src/main/AndroidManifest.xml:22:22-77
uses-permission#android.permission.RECORD_AUDIO
ADDED from src/main/AndroidManifest.xml:27:5-71
	android:name
		ADDED from src/main/AndroidManifest.xml:27:22-68
uses-permission#android.permission.ACCESS_NETWORK_STATE
ADDED from src/main/AndroidManifest.xml:29:5-79
	android:name
		ADDED from src/main/AndroidManifest.xml:29:22-76
uses-permission#android.permission.ACCESS_WIFI_STATE
ADDED from src/main/AndroidManifest.xml:31:5-76
	android:name
		ADDED from src/main/AndroidManifest.xml:31:22-73
uses-permission#android.permission.CHANGE_NETWORK_STATE
ADDED from src/main/AndroidManifest.xml:33:5-79
	android:name
		ADDED from src/main/AndroidManifest.xml:33:22-76
uses-permission#android.permission.READ_CONTACTS
ADDED from src/main/AndroidManifest.xml:37:5-72
	android:name
		ADDED from src/main/AndroidManifest.xml:37:22-69
uses-permission#android.permission.WRITE_SETTINGS
ADDED from src/main/AndroidManifest.xml:43:5-73
	android:name
		ADDED from src/main/AndroidManifest.xml:43:22-70
uses-permission#android.permission.CAMERA
ADDED from src/main/AndroidManifest.xml:48:5-65
	android:name
		ADDED from src/main/AndroidManifest.xml:48:22-62
uses-permission#android.permission.WAKE_LOCK
ADDED from src/main/AndroidManifest.xml:49:5-68
	android:name
		ADDED from src/main/AndroidManifest.xml:49:22-65
uses-permission#android.permission.CHANGE_WIFI_STATE
ADDED from src/main/AndroidManifest.xml:53:5-76
	android:name
		ADDED from src/main/AndroidManifest.xml:53:22-73
uses-permission#android.permission.SYSTEM_ALERT_WINDOW
ADDED from src/main/AndroidManifest.xml:54:5-78
	android:name
		ADDED from src/main/AndroidManifest.xml:54:22-75
application
ADDED from src/main/AndroidManifest.xml:56:5-163:19
MERGED from [com.android.support:design:23.2.1] AndroidManifest.xml:22:5-20
MERGED from [com.android.support:design:23.2.1] AndroidManifest.xml:22:5-20
MERGED from [com.borax12.materialdaterangepicker:library:1.9] AndroidManifest.xml:28:5-20
MERGED from [com.borax12.materialdaterangepicker:library:1.9] AndroidManifest.xml:28:5-20
MERGED from [com.github.shinelw:library:1.0.1] AndroidManifest.xml:11:5-15:19
MERGED from [com.github.shinelw:library:1.0.1] AndroidManifest.xml:11:5-15:19
MERGED from [com.xenione.libs:tab-digit:1.0.2] AndroidManifest.xml:11:5-15:19
MERGED from [com.xenione.libs:tab-digit:1.0.2] AndroidManifest.xml:11:5-15:19
MERGED from [com.github.liuguangli:VerificationCodeInput:1.3] AndroidManifest.xml:11:5-15:19
MERGED from [com.github.liuguangli:VerificationCodeInput:1.3] AndroidManifest.xml:11:5-15:19
MERGED from [com.wajahatkarim3.EasyFlipView:EasyFlipView:1.0.0] AndroidManifest.xml:11:5-15:19
MERGED from [com.wajahatkarim3.EasyFlipView:EasyFlipView:1.0.0] AndroidManifest.xml:11:5-15:19
MERGED from [com.github.kongqw:AndroidRocker:1.0.1] AndroidManifest.xml:11:5-15:19
MERGED from [com.github.kongqw:AndroidRocker:1.0.1] AndroidManifest.xml:11:5-15:19
MERGED from [com.android.support:appcompat-v7:25.0.1] AndroidManifest.xml:25:5-20
MERGED from [com.android.support:appcompat-v7:25.0.1] AndroidManifest.xml:25:5-20
MERGED from [com.android.support:support-v4:26.0.0-alpha1] AndroidManifest.xml:29:5-20
MERGED from [com.android.support:support-v4:26.0.0-alpha1] AndroidManifest.xml:29:5-20
MERGED from [com.android.support:cardview-v7:23.2.1] AndroidManifest.xml:22:5-20
MERGED from [com.android.support:cardview-v7:23.2.1] AndroidManifest.xml:22:5-20
MERGED from [com.getbase:floatingactionbutton:1.10.1] AndroidManifest.xml:12:5-20
MERGED from [com.getbase:floatingactionbutton:1.10.1] AndroidManifest.xml:12:5-20
MERGED from [com.skyfishjy.ripplebackground:library:1.0.1] AndroidManifest.xml:11:5-20
MERGED from [com.skyfishjy.ripplebackground:library:1.0.1] AndroidManifest.xml:11:5-20
MERGED from [com.github.d-max:spots-dialog:0.7] AndroidManifest.xml:12:5-20
MERGED from [com.github.d-max:spots-dialog:0.7] AndroidManifest.xml:12:5-20
MERGED from [com.github.mrengineer13:snackbar:1.2.0] AndroidManifest.xml:12:5-20
MERGED from [com.github.mrengineer13:snackbar:1.2.0] AndroidManifest.xml:12:5-20
MERGED from [com.android.support.constraint:constraint-layout:1.0.2] AndroidManifest.xml:9:5-20
MERGED from [com.android.support.constraint:constraint-layout:1.0.2] AndroidManifest.xml:9:5-20
MERGED from [com.android.support:support-media-compat:26.0.0-alpha1] AndroidManifest.xml:29:5-20
MERGED from [com.android.support:support-media-compat:26.0.0-alpha1] AndroidManifest.xml:29:5-20
MERGED from [com.android.support:support-fragment:26.0.0-alpha1] AndroidManifest.xml:29:5-20
MERGED from [com.android.support:support-fragment:26.0.0-alpha1] AndroidManifest.xml:29:5-20
MERGED from [com.android.support:support-core-utils:26.0.0-alpha1] AndroidManifest.xml:29:5-20
MERGED from [com.android.support:support-core-utils:26.0.0-alpha1] AndroidManifest.xml:29:5-20
MERGED from [com.android.support:support-core-ui:26.0.0-alpha1] AndroidManifest.xml:29:5-20
MERGED from [com.android.support:support-core-ui:26.0.0-alpha1] AndroidManifest.xml:29:5-20
MERGED from [com.android.support:animated-vector-drawable:25.0.1] AndroidManifest.xml:22:5-20
MERGED from [com.android.support:animated-vector-drawable:25.0.1] AndroidManifest.xml:22:5-20
MERGED from [com.android.support:support-vector-drawable:25.0.1] AndroidManifest.xml:23:5-20
MERGED from [com.android.support:support-vector-drawable:25.0.1] AndroidManifest.xml:23:5-20
MERGED from [com.android.support:support-compat:26.0.0-alpha1] AndroidManifest.xml:29:5-20
MERGED from [com.android.support:support-compat:26.0.0-alpha1] AndroidManifest.xml:29:5-20
	android:supportsRtl
		ADDED from [com.github.shinelw:library:1.0.1] AndroidManifest.xml:14:9-35
	android:label
		ADDED from src/main/AndroidManifest.xml:60:9-41
	android:icon
		ADDED from src/main/AndroidManifest.xml:59:9-38
	android:allowBackup
		ADDED from src/main/AndroidManifest.xml:58:9-35
	android:theme
		ADDED from src/main/AndroidManifest.xml:61:9-56
	tools:replace
		ADDED from src/main/AndroidManifest.xml:62:9-37
	android:name
		ADDED from src/main/AndroidManifest.xml:57:9-64
activity#com.example.sumec.wash.activity.DeviceScanActivity
ADDED from src/main/AndroidManifest.xml:63:9-66:72
	android:label
		ADDED from src/main/AndroidManifest.xml:65:13-45
	android:theme
		ADDED from src/main/AndroidManifest.xml:66:13-69
	android:name
		ADDED from src/main/AndroidManifest.xml:64:13-78
activity#com.example.sumec.wash.activity.WelcomeActivity
ADDED from src/main/AndroidManifest.xml:67:9-70:72
	android:screenOrientation
		ADDED from src/main/AndroidManifest.xml:69:13-49
	android:theme
		ADDED from src/main/AndroidManifest.xml:70:13-69
	android:name
		ADDED from src/main/AndroidManifest.xml:68:13-75
service#com.example.sumec.wash.activity.BluetoothLeService
ADDED from src/main/AndroidManifest.xml:72:9-74:38
	android:enabled
		ADDED from src/main/AndroidManifest.xml:74:13-35
	android:name
		ADDED from src/main/AndroidManifest.xml:73:13-78
activity#com.example.sumec.wash.base.BaseWebActivity
ADDED from src/main/AndroidManifest.xml:76:9-79:72
	android:configChanges
		ADDED from src/main/AndroidManifest.xml:78:13-59
	android:theme
		ADDED from src/main/AndroidManifest.xml:79:13-69
	android:name
		ADDED from src/main/AndroidManifest.xml:77:13-71
activity#com.example.sumec.wash.activity.MainActivity
ADDED from src/main/AndroidManifest.xml:80:9-90:20
	android:screenOrientation
		ADDED from src/main/AndroidManifest.xml:82:13-49
	android:windowSoftInputMode
		ADDED from src/main/AndroidManifest.xml:84:13-67
	android:theme
		ADDED from src/main/AndroidManifest.xml:83:13-69
	android:name
		ADDED from src/main/AndroidManifest.xml:81:13-72
intent-filter#action:name:android.intent.action.MAIN+category:name:android.intent.category.LAUNCHER
ADDED from src/main/AndroidManifest.xml:85:13-89:29
action#android.intent.action.MAIN
ADDED from src/main/AndroidManifest.xml:86:17-69
	android:name
		ADDED from src/main/AndroidManifest.xml:86:25-66
category#android.intent.category.LAUNCHER
ADDED from src/main/AndroidManifest.xml:88:17-77
	android:name
		ADDED from src/main/AndroidManifest.xml:88:27-74
activity#com.example.sumec.wash.activity.ControlActivity
ADDED from src/main/AndroidManifest.xml:91:9-94:72
	android:screenOrientation
		ADDED from src/main/AndroidManifest.xml:93:13-49
	android:theme
		ADDED from src/main/AndroidManifest.xml:94:13-69
	android:name
		ADDED from src/main/AndroidManifest.xml:92:13-75
activity#com.example.sumec.wash.activity.VideoActivity
ADDED from src/main/AndroidManifest.xml:95:9-99:72
	android:screenOrientation
		ADDED from src/main/AndroidManifest.xml:98:13-49
	android:configChanges
		ADDED from src/main/AndroidManifest.xml:97:13-74
	android:theme
		ADDED from src/main/AndroidManifest.xml:99:13-69
	android:name
		ADDED from src/main/AndroidManifest.xml:96:13-73
activity#com.example.sumec.wash.activity.StallActivity
ADDED from src/main/AndroidManifest.xml:100:9-103:72
	android:screenOrientation
		ADDED from src/main/AndroidManifest.xml:102:13-49
	android:theme
		ADDED from src/main/AndroidManifest.xml:103:13-69
	android:name
		ADDED from src/main/AndroidManifest.xml:101:13-73
activity#com.example.sumec.wash.activity.PinActivity
ADDED from src/main/AndroidManifest.xml:104:9-107:72
	android:screenOrientation
		ADDED from src/main/AndroidManifest.xml:106:13-49
	android:theme
		ADDED from src/main/AndroidManifest.xml:107:13-69
	android:name
		ADDED from src/main/AndroidManifest.xml:105:13-71
activity#com.example.sumec.wash.activity.WeatherActivity
ADDED from src/main/AndroidManifest.xml:108:9-111:72
	android:screenOrientation
		ADDED from src/main/AndroidManifest.xml:110:13-49
	android:theme
		ADDED from src/main/AndroidManifest.xml:111:13-69
	android:name
		ADDED from src/main/AndroidManifest.xml:109:13-75
activity#com.example.sumec.wash.activity.WebActivity
ADDED from src/main/AndroidManifest.xml:112:9-115:72
	android:screenOrientation
		ADDED from src/main/AndroidManifest.xml:114:13-49
	android:theme
		ADDED from src/main/AndroidManifest.xml:115:13-69
	android:name
		ADDED from src/main/AndroidManifest.xml:113:13-71
activity#com.example.sumec.wash.activity.GameActivity
ADDED from src/main/AndroidManifest.xml:116:9-119:72
	android:screenOrientation
		ADDED from src/main/AndroidManifest.xml:118:13-49
	android:theme
		ADDED from src/main/AndroidManifest.xml:119:13-69
	android:name
		ADDED from src/main/AndroidManifest.xml:117:13-72
activity#com.example.sumec.wash.activity.ServiceActivity
ADDED from src/main/AndroidManifest.xml:120:9-123:72
	android:screenOrientation
		ADDED from src/main/AndroidManifest.xml:122:13-49
	android:theme
		ADDED from src/main/AndroidManifest.xml:123:13-69
	android:name
		ADDED from src/main/AndroidManifest.xml:121:13-75
activity#com.example.sumec.wash.activity.AboutActivity
ADDED from src/main/AndroidManifest.xml:124:9-127:72
	android:screenOrientation
		ADDED from src/main/AndroidManifest.xml:126:13-49
	android:theme
		ADDED from src/main/AndroidManifest.xml:127:13-69
	android:name
		ADDED from src/main/AndroidManifest.xml:125:13-73
activity#com.example.sumec.wash.activity.HistoryActivity
ADDED from src/main/AndroidManifest.xml:128:9-131:72
	android:screenOrientation
		ADDED from src/main/AndroidManifest.xml:130:13-49
	android:theme
		ADDED from src/main/AndroidManifest.xml:131:13-69
	android:name
		ADDED from src/main/AndroidManifest.xml:129:13-75
activity#com.mob.tools.MobUIShell
ADDED from src/main/AndroidManifest.xml:132:9-152:20
	android:windowSoftInputMode
		ADDED from src/main/AndroidManifest.xml:136:13-67
	android:configChanges
		ADDED from src/main/AndroidManifest.xml:134:13-74
	android:theme
		ADDED from src/main/AndroidManifest.xml:135:13-72
	android:name
		ADDED from src/main/AndroidManifest.xml:133:13-52
intent-filter#action:name:android.intent.action.VIEW+category:name:android.intent.category.BROWSABLE+category:name:android.intent.category.DEFAULT+data:scheme:tencent100371282
ADDED from src/main/AndroidManifest.xml:137:13-144:29
data
ADDED from src/main/AndroidManifest.xml:138:17-59
	android:scheme
		ADDED from src/main/AndroidManifest.xml:138:23-56
action#android.intent.action.VIEW
ADDED from src/main/AndroidManifest.xml:140:17-69
	android:name
		ADDED from src/main/AndroidManifest.xml:140:25-66
category#android.intent.category.BROWSABLE
ADDED from src/main/AndroidManifest.xml:142:17-78
	android:name
		ADDED from src/main/AndroidManifest.xml:142:27-75
category#android.intent.category.DEFAULT
ADDED from src/main/AndroidManifest.xml:143:17-76
	android:name
		ADDED from src/main/AndroidManifest.xml:143:27-73
intent-filter#action:name:com.sina.weibo.sdk.action.ACTION_SDK_REQ_ACTIVITY+category:name:android.intent.category.DEFAULT
ADDED from src/main/AndroidManifest.xml:147:13-151:29
action#com.sina.weibo.sdk.action.ACTION_SDK_REQ_ACTIVITY
ADDED from src/main/AndroidManifest.xml:148:17-92
	android:name
		ADDED from src/main/AndroidManifest.xml:148:25-89
activity#com.example.sumec.wash.share_activity.ReceiveActivity
ADDED from src/main/AndroidManifest.xml:153:9-156:72
	android:screenOrientation
		ADDED from src/main/AndroidManifest.xml:155:13-49
	android:theme
		ADDED from src/main/AndroidManifest.xml:156:13-69
	android:name
		ADDED from src/main/AndroidManifest.xml:154:13-81
activity#com.example.sumec.wash.share_activity.WXEntryActivity
ADDED from src/main/AndroidManifest.xml:157:9-162:84
	android:screenOrientation
		ADDED from src/main/AndroidManifest.xml:161:13-49
	android:exported
		ADDED from src/main/AndroidManifest.xml:160:13-36
	android:configChanges
		ADDED from src/main/AndroidManifest.xml:159:13-74
	android:theme
		ADDED from src/main/AndroidManifest.xml:162:13-72
	android:name
		ADDED from src/main/AndroidManifest.xml:158:13-81
uses-permission#android.permission.VIBRATE
ADDED from [com.borax12.materialdaterangepicker:library:1.9] AndroidManifest.xml:26:5-66
	android:name
		ADDED from [com.borax12.materialdaterangepicker:library:1.9] AndroidManifest.xml:26:22-63
meta-data#android.support.VERSION
ADDED from [com.android.support:support-v4:26.0.0-alpha1] AndroidManifest.xml:25:5-27:41
MERGED from [com.android.support:support-media-compat:26.0.0-alpha1] AndroidManifest.xml:25:5-27:41
MERGED from [com.android.support:support-media-compat:26.0.0-alpha1] AndroidManifest.xml:25:5-27:41
MERGED from [com.android.support:support-fragment:26.0.0-alpha1] AndroidManifest.xml:25:5-27:41
MERGED from [com.android.support:support-fragment:26.0.0-alpha1] AndroidManifest.xml:25:5-27:41
MERGED from [com.android.support:support-core-utils:26.0.0-alpha1] AndroidManifest.xml:25:5-27:41
MERGED from [com.android.support:support-core-utils:26.0.0-alpha1] AndroidManifest.xml:25:5-27:41
MERGED from [com.android.support:support-core-ui:26.0.0-alpha1] AndroidManifest.xml:25:5-27:41
MERGED from [com.android.support:support-core-ui:26.0.0-alpha1] AndroidManifest.xml:25:5-27:41
MERGED from [com.android.support:support-compat:26.0.0-alpha1] AndroidManifest.xml:25:5-27:41
MERGED from [com.android.support:support-compat:26.0.0-alpha1] AndroidManifest.xml:25:5-27:41
	android:value
		ADDED from [com.android.support:support-v4:26.0.0-alpha1] AndroidManifest.xml:27:9-38
	android:name
		ADDED from [com.android.support:support-v4:26.0.0-alpha1] AndroidManifest.xml:26:9-47